Using pre-set license
Built from '2020.2/release' branch; Version is '2020.2.2f1 (068178b99f32) revision 426360'; Using compiler version '192528614'; Build Type 'Release'
OS: 'Windows 10 Enterprise; OS build 18363.1500; Version 1909; 64bit' Language: 'en' Physical Memory: 16304 MB
BatchMode: 1, IsHumanControllingUs: 0, StartBugReporterOnCrash: 0, Is64bit: 1, IsPro: 0

 COMMAND LINE ARGUMENTS:
C:\Program Files\Unity\Hub\Editor\2020.2.2f1\Editor\Unity.exe
-adb2
-batchMode
-noUpm
-name
AssetImportWorker0
-projectPath
C:/Users/jmills61/Documents/GitHub/Experiments
-logFile
Logs/AssetImportWorker0.log
-srvPort
49754
Successfully changed project path to: C:/Users/jmills61/Documents/GitHub/Experiments
C:/Users/jmills61/Documents/GitHub/Experiments
Using Asset Import Pipeline V2.
Refreshing native plugins compatible for Editor in 27.40 ms, found 0 plugins.
Preloading 0 native plugins for Editor in 0.00 ms.
Initialize engine version: 2020.2.2f1 (068178b99f32)
[Subsystems] Discovering subsystems at path C:/Program Files/Unity/Hub/Editor/2020.2.2f1/Editor/Data/Resources/UnitySubsystems
[Subsystems] Discovering subsystems at path C:/Users/jmills61/Documents/GitHub/Experiments/Assets
GfxDevice: creating device client; threaded=0
Direct3D:
    Version:  Direct3D 11.0 [level 11.0]
    Renderer: NVIDIA Quadro K2200  (ID=0x13ba)
    Vendor:   
    VRAM:     4035 MB
    Driver:   10.18.13.5362
Initialize mono
Mono path[0] = 'C:/Program Files/Unity/Hub/Editor/2020.2.2f1/Editor/Data/Managed'
Mono path[1] = 'C:/Program Files/Unity/Hub/Editor/2020.2.2f1/Editor/Data/MonoBleedingEdge/lib/mono/unityjit'
Mono config path = 'C:/Program Files/Unity/Hub/Editor/2020.2.2f1/Editor/Data/MonoBleedingEdge/etc'
Using monoOptions --debugger-agent=transport=dt_socket,embedding=1,server=y,suspend=n,address=127.0.0.1:56600
Begin MonoManager ReloadAssembly
Registering precompiled unity dll's ...
Register platform support module: C:/Program Files/Unity/Hub/Editor/2020.2.2f1/Editor/Data/PlaybackEngines/WindowsStandaloneSupport/UnityEditor.WindowsStandalone.Extensions.dll
Registered in 0.001309 seconds.
Native extension for WindowsStandalone target not found
Refreshing native plugins compatible for Editor in 26.26 ms, found 0 plugins.
Preloading 0 native plugins for Editor in 0.00 ms.
Invoked RoslynAnalysisRunner static constructor.
RoslynAnalysisRunner will not be running.
RoslynAnalysisRunner has terminated.
Mono: successfully reloaded assembly
- Completed reload, in  1.822 seconds
Platform modules already initialized, skipping
Registering precompiled user dll's ...
Registered in 0.000559 seconds.
Begin MonoManager ReloadAssembly
Native extension for WindowsStandalone target not found
Refreshing native plugins compatible for Editor in 0.20 ms, found 0 plugins.
Preloading 0 native plugins for Editor in 0.00 ms.
Invoked RoslynAnalysisRunner static constructor.
RoslynAnalysisRunner will not be running.
RoslynAnalysisRunner has terminated.
Mono: successfully reloaded assembly
- Completed reload, in  0.823 seconds
Platform modules already initialized, skipping
========================================================================
Worker process is ready to serve import requests
Launched and connected shader compiler UnityShaderCompiler.exe after 0.05 seconds
Refreshing native plugins compatible for Editor in 0.28 ms, found 0 plugins.
Preloading 0 native plugins for Editor in 0.00 ms.
Unloading 1114 Unused Serialized files (Serialized files now loaded: 0)
System memory in use before: 58.2 MB.
System memory in use after: 58.3 MB.

Unloading 10 unused Assets to reduce memory usage. Loaded Objects now: 1557.
Total: 1.619500 ms (FindLiveObjects: 0.116600 ms CreateObjectMapping: 0.037200 ms MarkObjects: 1.372500 ms  DeleteObjects: 0.092100 ms)

========================================================================
Received Import Request.
  path: Assets/Steering/Scripts/WanderBehaviour.cs
  artifactKey: Guid(da03426404d92a54bbf9bdfd6143f330) Importer(815301076,1909f56bfc062723c751e8b465ee728b)
Start importing Assets/Steering/Scripts/WanderBehaviour.cs using Guid(da03426404d92a54bbf9bdfd6143f330) Importer(815301076,1909f56bfc062723c751e8b465ee728b)  -> (artifact id: '510563a00eb64927c775aa96c8cb6cdc') in 0.029734 seconds
  Import took 0.031477 seconds .

========================================================================
Received Import Request.
  Time since last request: 0.367859 seconds.
  path: Assets/Steering/Steering Agent.prefab
  artifactKey: Guid(7ad987cfc61242749b1ea12d23ba6305) Importer(815301076,1909f56bfc062723c751e8b465ee728b)
Start importing Assets/Steering/Steering Agent.prefab using Guid(7ad987cfc61242749b1ea12d23ba6305) Importer(815301076,1909f56bfc062723c751e8b465ee728b)  -> (artifact id: '9e65fa728526e3b727854d8197dee807') in 0.080448 seconds
  Import took 0.082617 seconds .

========================================================================
Received Import Request.
  Time since last request: 5.287410 seconds.
  path: Assets/Steering/Steering Agent.prefab
  artifactKey: Guid(7ad987cfc61242749b1ea12d23ba6305) Importer(815301076,1909f56bfc062723c751e8b465ee728b)
Start importing Assets/Steering/Steering Agent.prefab using Guid(7ad987cfc61242749b1ea12d23ba6305) Importer(815301076,1909f56bfc062723c751e8b465ee728b)  -> (artifact id: '9088d9b8c2976aa1c0cb3ea35c11b10d') in 0.014611 seconds
  Import took 0.018391 seconds .

========================================================================
Received Import Request.
  Time since last request: 5.510882 seconds.
  path: Assets/Steering/Scripts/SteeringAgentManager.cs
  artifactKey: Guid(892c11d7f180e1747b3de031dad347b6) Importer(815301076,1909f56bfc062723c751e8b465ee728b)
Start importing Assets/Steering/Scripts/SteeringAgentManager.cs using Guid(892c11d7f180e1747b3de031dad347b6) Importer(815301076,1909f56bfc062723c751e8b465ee728b)  -> (artifact id: '4510dc8356578d875884a260d9c3ef68') in 0.006208 seconds
  Import took 0.008103 seconds .

========================================================================
Received Import Request.
  Time since last request: 0.027825 seconds.
  path: Assets/Steering/Scripts/SteeringAgentManager.cs
  artifactKey: Guid(892c11d7f180e1747b3de031dad347b6) Importer(815301076,1909f56bfc062723c751e8b465ee728b)
Start importing Assets/Steering/Scripts/SteeringAgentManager.cs using Guid(892c11d7f180e1747b3de031dad347b6) Importer(815301076,1909f56bfc062723c751e8b465ee728b)  -> (artifact id: '4510dc8356578d875884a260d9c3ef68') in 0.002350 seconds
  Import took 0.004865 seconds .

========================================================================
Received Import Request.
  Time since last request: 57.936482 seconds.
  path: Assets/Steering/Scripts/SteeringAgent.cs
  artifactKey: Guid(1b7a8d106b168744081116b2007021f8) Importer(815301076,1909f56bfc062723c751e8b465ee728b)
Start importing Assets/Steering/Scripts/SteeringAgent.cs using Guid(1b7a8d106b168744081116b2007021f8) Importer(815301076,1909f56bfc062723c751e8b465ee728b)  -> (artifact id: '6f3bf1f4ab647f82d66e7eb0c1f49f7a') in 0.002327 seconds
  Import took 0.004096 seconds .

========================================================================
Received Import Request.
  Time since last request: 0.002469 seconds.
  path: Assets/Steering/Scripts/SteeringAgent.cs
  artifactKey: Guid(1b7a8d106b168744081116b2007021f8) Importer(815301076,1909f56bfc062723c751e8b465ee728b)
Start importing Assets/Steering/Scripts/SteeringAgent.cs using Guid(1b7a8d106b168744081116b2007021f8) Importer(815301076,1909f56bfc062723c751e8b465ee728b)  -> (artifact id: '6f3bf1f4ab647f82d66e7eb0c1f49f7a') in 0.001999 seconds
  Import took 0.003805 seconds .

========================================================================
Received Prepare
Registering precompiled user dll's ...
Registered in 0.000701 seconds.
Begin MonoManager ReloadAssembly
Native extension for WindowsStandalone target not found
Refreshing native plugins compatible for Editor in 0.20 ms, found 0 plugins.
Preloading 0 native plugins for Editor in 0.00 ms.
Invoked RoslynAnalysisRunner static constructor.
RoslynAnalysisRunner will not be running.
RoslynAnalysisRunner has terminated.
Mono: successfully reloaded assembly
- Completed reload, in  0.867 seconds
Platform modules already initialized, skipping
Refreshing native plugins compatible for Editor in 0.22 ms, found 0 plugins.
Preloading 0 native plugins for Editor in 0.00 ms.
Unloading 1107 Unused Serialized files (Serialized files now loaded: 0)
System memory in use before: 61.5 MB.
System memory in use after: 61.6 MB.

Unloading 6 unused Assets to reduce memory usage. Loaded Objects now: 1566.
Total: 1.750100 ms (FindLiveObjects: 0.145300 ms CreateObjectMapping: 0.033200 ms MarkObjects: 1.504000 ms  DeleteObjects: 0.066800 ms)

========================================================================
Received Prepare
Registering precompiled user dll's ...
Registered in 0.000979 seconds.
Begin MonoManager ReloadAssembly
Native extension for WindowsStandalone target not found
Refreshing native plugins compatible for Editor in 0.19 ms, found 0 plugins.
Preloading 0 native plugins for Editor in 0.00 ms.
Invoked RoslynAnalysisRunner static constructor.
RoslynAnalysisRunner will not be running.
RoslynAnalysisRunner has terminated.
Mono: successfully reloaded assembly
- Completed reload, in  0.690 seconds
Platform modules already initialized, skipping
Refreshing native plugins compatible for Editor in 0.24 ms, found 0 plugins.
Preloading 0 native plugins for Editor in 0.00 ms.
Unloading 1107 Unused Serialized files (Serialized files now loaded: 0)
System memory in use before: 61.8 MB.
System memory in use after: 61.9 MB.

Unloading 5 unused Assets to reduce memory usage. Loaded Objects now: 1568.
Total: 1.534900 ms (FindLiveObjects: 0.116900 ms CreateObjectMapping: 0.031200 ms MarkObjects: 1.290600 ms  DeleteObjects: 0.094800 ms)

AssetImportWorkerClient::OnTransportError - code=2 error=End of file
