Using pre-set license
Built from '2020.2/release' branch; Version is '2020.2.2f1 (068178b99f32) revision 426360'; Using compiler version '192528614'; Build Type 'Release'
OS: 'Windows 10 Enterprise; OS build 18363.1500; Version 1909; 64bit' Language: 'en' Physical Memory: 16304 MB
BatchMode: 1, IsHumanControllingUs: 0, StartBugReporterOnCrash: 0, Is64bit: 1, IsPro: 0

 COMMAND LINE ARGUMENTS:
C:\Program Files\Unity\Hub\Editor\2020.2.2f1\Editor\Unity.exe
-adb2
-batchMode
-noUpm
-name
AssetImportWorker0
-projectPath
C:/Users/jmills61/Documents/GitHub/Experiments
-logFile
Logs/AssetImportWorker0.log
-srvPort
63844
Successfully changed project path to: C:/Users/jmills61/Documents/GitHub/Experiments
C:/Users/jmills61/Documents/GitHub/Experiments
Using Asset Import Pipeline V2.
Refreshing native plugins compatible for Editor in 28.98 ms, found 0 plugins.
Preloading 0 native plugins for Editor in 0.00 ms.
Initialize engine version: 2020.2.2f1 (068178b99f32)
[Subsystems] Discovering subsystems at path C:/Program Files/Unity/Hub/Editor/2020.2.2f1/Editor/Data/Resources/UnitySubsystems
[Subsystems] Discovering subsystems at path C:/Users/jmills61/Documents/GitHub/Experiments/Assets
GfxDevice: creating device client; threaded=0
Direct3D:
    Version:  Direct3D 11.0 [level 11.0]
    Renderer: NVIDIA Quadro K2200  (ID=0x13ba)
    Vendor:   
    VRAM:     4035 MB
    Driver:   10.18.13.5362
Initialize mono
Mono path[0] = 'C:/Program Files/Unity/Hub/Editor/2020.2.2f1/Editor/Data/Managed'
Mono path[1] = 'C:/Program Files/Unity/Hub/Editor/2020.2.2f1/Editor/Data/MonoBleedingEdge/lib/mono/unityjit'
Mono config path = 'C:/Program Files/Unity/Hub/Editor/2020.2.2f1/Editor/Data/MonoBleedingEdge/etc'
Using monoOptions --debugger-agent=transport=dt_socket,embedding=1,server=y,suspend=n,address=127.0.0.1:56580
Begin MonoManager ReloadAssembly
Registering precompiled unity dll's ...
Register platform support module: C:/Program Files/Unity/Hub/Editor/2020.2.2f1/Editor/Data/PlaybackEngines/WindowsStandaloneSupport/UnityEditor.WindowsStandalone.Extensions.dll
Registered in 0.002419 seconds.
Native extension for WindowsStandalone target not found
Refreshing native plugins compatible for Editor in 28.54 ms, found 0 plugins.
Preloading 0 native plugins for Editor in 0.00 ms.
Invoked RoslynAnalysisRunner static constructor.
RoslynAnalysisRunner will not be running.
RoslynAnalysisRunner has terminated.
Mono: successfully reloaded assembly
- Completed reload, in  2.121 seconds
Platform modules already initialized, skipping
Registering precompiled user dll's ...
Registered in 0.000616 seconds.
Begin MonoManager ReloadAssembly
Native extension for WindowsStandalone target not found
Refreshing native plugins compatible for Editor in 0.20 ms, found 0 plugins.
Preloading 0 native plugins for Editor in 0.00 ms.
Invoked RoslynAnalysisRunner static constructor.
RoslynAnalysisRunner will not be running.
RoslynAnalysisRunner has terminated.
Mono: successfully reloaded assembly
- Completed reload, in  0.989 seconds
Platform modules already initialized, skipping
========================================================================
Worker process is ready to serve import requests
Launched and connected shader compiler UnityShaderCompiler.exe after 0.08 seconds
Refreshing native plugins compatible for Editor in 0.22 ms, found 0 plugins.
Preloading 0 native plugins for Editor in 0.00 ms.
Unloading 1114 Unused Serialized files (Serialized files now loaded: 0)
System memory in use before: 58.4 MB.
System memory in use after: 58.4 MB.

Unloading 10 unused Assets to reduce memory usage. Loaded Objects now: 1557.
Total: 2.133800 ms (FindLiveObjects: 0.119400 ms CreateObjectMapping: 0.037500 ms MarkObjects: 1.828600 ms  DeleteObjects: 0.146900 ms)

========================================================================
Received Import Request.
  path: Assets/Steering/Steering Agent.prefab
  artifactKey: Guid(7ad987cfc61242749b1ea12d23ba6305) Importer(815301076,1909f56bfc062723c751e8b465ee728b)
Start importing Assets/Steering/Steering Agent.prefab using Guid(7ad987cfc61242749b1ea12d23ba6305) Importer(815301076,1909f56bfc062723c751e8b465ee728b)  -> (artifact id: '941f05d103d462023ac20483d5750963') in 0.156884 seconds
  Import took 0.160606 seconds .

========================================================================
Received Import Request.
  Time since last request: 1.762168 seconds.
  path: Assets/Steering/Steering Agent.prefab
  artifactKey: Guid(7ad987cfc61242749b1ea12d23ba6305) Importer(815301076,1909f56bfc062723c751e8b465ee728b)
Start importing Assets/Steering/Steering Agent.prefab using Guid(7ad987cfc61242749b1ea12d23ba6305) Importer(815301076,1909f56bfc062723c751e8b465ee728b)  -> (artifact id: '2b7c8535e074f46123f20ff81ac107c0') in 0.028013 seconds
  Import took 0.031640 seconds .

========================================================================
Received Prepare
Registering precompiled user dll's ...
Registered in 0.000575 seconds.
Begin MonoManager ReloadAssembly
Native extension for WindowsStandalone target not found
Refreshing native plugins compatible for Editor in 0.20 ms, found 0 plugins.
Preloading 0 native plugins for Editor in 0.00 ms.
Invoked RoslynAnalysisRunner static constructor.
RoslynAnalysisRunner will not be running.
RoslynAnalysisRunner has terminated.
Mono: successfully reloaded assembly
- Completed reload, in  0.858 seconds
Platform modules already initialized, skipping
Refreshing native plugins compatible for Editor in 0.27 ms, found 0 plugins.
Preloading 0 native plugins for Editor in 0.00 ms.
Unloading 1107 Unused Serialized files (Serialized files now loaded: 0)
System memory in use before: 61.7 MB.
System memory in use after: 61.7 MB.

Unloading 6 unused Assets to reduce memory usage. Loaded Objects now: 1566.
Total: 1.758700 ms (FindLiveObjects: 0.168600 ms CreateObjectMapping: 0.072000 ms MarkObjects: 1.434700 ms  DeleteObjects: 0.082500 ms)

========================================================================
Received Import Request.
  Time since last request: 59.302634 seconds.
  path: Assets/Steering/Scripts/AvoidanceBehaviour.cs
  artifactKey: Guid(f39edf6cccf318f458029018fabfbbdf) Importer(815301076,1909f56bfc062723c751e8b465ee728b)
Start importing Assets/Steering/Scripts/AvoidanceBehaviour.cs using Guid(f39edf6cccf318f458029018fabfbbdf) Importer(815301076,1909f56bfc062723c751e8b465ee728b)  -> (artifact id: '96d5822ab1ee7ca1bd8c585c568a7d2b') in 0.022509 seconds
  Import took 0.027828 seconds .

========================================================================
Received Prepare
Registering precompiled user dll's ...
Registered in 0.000638 seconds.
Begin MonoManager ReloadAssembly
Native extension for WindowsStandalone target not found
Refreshing native plugins compatible for Editor in 0.20 ms, found 0 plugins.
Preloading 0 native plugins for Editor in 0.00 ms.
Invoked RoslynAnalysisRunner static constructor.
RoslynAnalysisRunner will not be running.
RoslynAnalysisRunner has terminated.
Mono: successfully reloaded assembly
- Completed reload, in  0.877 seconds
Platform modules already initialized, skipping
Refreshing native plugins compatible for Editor in 0.23 ms, found 0 plugins.
Preloading 0 native plugins for Editor in 0.00 ms.
Unloading 1107 Unused Serialized files (Serialized files now loaded: 0)
System memory in use before: 62.0 MB.
System memory in use after: 62.1 MB.

Unloading 5 unused Assets to reduce memory usage. Loaded Objects now: 1568.
Total: 1.609700 ms (FindLiveObjects: 0.117900 ms CreateObjectMapping: 0.033900 ms MarkObjects: 1.371300 ms  DeleteObjects: 0.085600 ms)

========================================================================
Received Import Request.
  Time since last request: 23.142908 seconds.
  path: Assets/Steering/Scripts/AvoidanceBehaviour.cs
  artifactKey: Guid(f39edf6cccf318f458029018fabfbbdf) Importer(815301076,1909f56bfc062723c751e8b465ee728b)
Start importing Assets/Steering/Scripts/AvoidanceBehaviour.cs using Guid(f39edf6cccf318f458029018fabfbbdf) Importer(815301076,1909f56bfc062723c751e8b465ee728b)  -> (artifact id: '61e07754316d015942ee97624b1418f5') in 0.007276 seconds
  Import took 0.009180 seconds .

========================================================================
Received Import Request.
  Time since last request: 1.836061 seconds.
  path: Assets/Steering/Scripts/CompositeBehaviour.cs
  artifactKey: Guid(e9c19919a4a616b42baac8e1770b49d1) Importer(815301076,1909f56bfc062723c751e8b465ee728b)
Start importing Assets/Steering/Scripts/CompositeBehaviour.cs using Guid(e9c19919a4a616b42baac8e1770b49d1) Importer(815301076,1909f56bfc062723c751e8b465ee728b)  -> (artifact id: '719da4774fbff173a52fb86d611d09b4') in 0.016160 seconds
  Import took 0.018356 seconds .

========================================================================
Received Prepare
Registering precompiled user dll's ...
Registered in 0.000669 seconds.
Begin MonoManager ReloadAssembly
Native extension for WindowsStandalone target not found
Refreshing native plugins compatible for Editor in 0.33 ms, found 0 plugins.
Preloading 0 native plugins for Editor in 0.00 ms.
Invoked RoslynAnalysisRunner static constructor.
RoslynAnalysisRunner will not be running.
RoslynAnalysisRunner has terminated.
Mono: successfully reloaded assembly
- Completed reload, in  0.891 seconds
Platform modules already initialized, skipping
Refreshing native plugins compatible for Editor in 0.23 ms, found 0 plugins.
Preloading 0 native plugins for Editor in 0.00 ms.
Unloading 1107 Unused Serialized files (Serialized files now loaded: 0)
System memory in use before: 62.0 MB.
System memory in use after: 62.1 MB.

Unloading 5 unused Assets to reduce memory usage. Loaded Objects now: 1570.
Total: 1.793300 ms (FindLiveObjects: 0.110900 ms CreateObjectMapping: 0.030400 ms MarkObjects: 1.547500 ms  DeleteObjects: 0.103500 ms)

========================================================================
Received Import Request.
  Time since last request: 9.218535 seconds.
  path: Assets/Steering/Scripts/CompositeBehaviour.cs
  artifactKey: Guid(e9c19919a4a616b42baac8e1770b49d1) Importer(815301076,1909f56bfc062723c751e8b465ee728b)
Start importing Assets/Steering/Scripts/CompositeBehaviour.cs using Guid(e9c19919a4a616b42baac8e1770b49d1) Importer(815301076,1909f56bfc062723c751e8b465ee728b)  -> (artifact id: '27b9bd13da40b1e4df150003715b1c74') in 0.008912 seconds
  Import took 0.011553 seconds .

========================================================================
Received Prepare
Registering precompiled user dll's ...
Registered in 0.000593 seconds.
Begin MonoManager ReloadAssembly
Native extension for WindowsStandalone target not found
Refreshing native plugins compatible for Editor in 0.20 ms, found 0 plugins.
Preloading 0 native plugins for Editor in 0.00 ms.
Invoked RoslynAnalysisRunner static constructor.
RoslynAnalysisRunner will not be running.
RoslynAnalysisRunner has terminated.
Mono: successfully reloaded assembly
- Completed reload, in  0.872 seconds
Platform modules already initialized, skipping
Refreshing native plugins compatible for Editor in 0.22 ms, found 0 plugins.
Preloading 0 native plugins for Editor in 0.00 ms.
Unloading 1107 Unused Serialized files (Serialized files now loaded: 0)
System memory in use before: 62.7 MB.
System memory in use after: 62.7 MB.

Unloading 5 unused Assets to reduce memory usage. Loaded Objects now: 1572.
Total: 1.856800 ms (FindLiveObjects: 0.131200 ms CreateObjectMapping: 0.034800 ms MarkObjects: 1.614300 ms  DeleteObjects: 0.075400 ms)

========================================================================
Received Import Request.
  Time since last request: 14.488407 seconds.
  path: Assets/Steering/Scripts/CompositeBehaviour.cs
  artifactKey: Guid(e9c19919a4a616b42baac8e1770b49d1) Importer(815301076,1909f56bfc062723c751e8b465ee728b)
Start importing Assets/Steering/Scripts/CompositeBehaviour.cs using Guid(e9c19919a4a616b42baac8e1770b49d1) Importer(815301076,1909f56bfc062723c751e8b465ee728b)  -> (artifact id: '206f44178fac933f6d8037b0102fea05') in 0.012501 seconds
  Import took 0.017099 seconds .

========================================================================
Received Import Request.
  Time since last request: 1.892902 seconds.
  path: Assets/Steering/Scripts/CompositeBehaviour.cs
  artifactKey: Guid(e9c19919a4a616b42baac8e1770b49d1) Importer(815301076,1909f56bfc062723c751e8b465ee728b)
Start importing Assets/Steering/Scripts/CompositeBehaviour.cs using Guid(e9c19919a4a616b42baac8e1770b49d1) Importer(815301076,1909f56bfc062723c751e8b465ee728b)  -> (artifact id: '206f44178fac933f6d8037b0102fea05') in 0.006887 seconds
  Import took 0.008643 seconds .

========================================================================
Received Prepare
Registering precompiled user dll's ...
Registered in 0.000612 seconds.
Begin MonoManager ReloadAssembly
Native extension for WindowsStandalone target not found
Refreshing native plugins compatible for Editor in 0.34 ms, found 0 plugins.
Preloading 0 native plugins for Editor in 0.00 ms.
Invoked RoslynAnalysisRunner static constructor.
RoslynAnalysisRunner will not be running.
RoslynAnalysisRunner has terminated.
Mono: successfully reloaded assembly
- Completed reload, in  0.894 seconds
Platform modules already initialized, skipping
Refreshing native plugins compatible for Editor in 0.22 ms, found 0 plugins.
Preloading 0 native plugins for Editor in 0.00 ms.
Unloading 1107 Unused Serialized files (Serialized files now loaded: 0)
System memory in use before: 63.0 MB.
System memory in use after: 63.1 MB.

Unloading 5 unused Assets to reduce memory usage. Loaded Objects now: 1574.
Total: 1.611400 ms (FindLiveObjects: 0.125300 ms CreateObjectMapping: 0.031500 ms MarkObjects: 1.374700 ms  DeleteObjects: 0.078900 ms)

========================================================================
Received Prepare
Registering precompiled user dll's ...
Registered in 0.000814 seconds.
Begin MonoManager ReloadAssembly
Native extension for WindowsStandalone target not found
Refreshing native plugins compatible for Editor in 0.21 ms, found 0 plugins.
Preloading 0 native plugins for Editor in 0.00 ms.
Invoked RoslynAnalysisRunner static constructor.
RoslynAnalysisRunner will not be running.
RoslynAnalysisRunner has terminated.
Mono: successfully reloaded assembly
- Completed reload, in  0.908 seconds
Platform modules already initialized, skipping
Refreshing native plugins compatible for Editor in 0.28 ms, found 0 plugins.
Preloading 0 native plugins for Editor in 0.00 ms.
Unloading 1107 Unused Serialized files (Serialized files now loaded: 0)
System memory in use before: 63.1 MB.
System memory in use after: 63.1 MB.

Unloading 5 unused Assets to reduce memory usage. Loaded Objects now: 1576.
Total: 1.706500 ms (FindLiveObjects: 0.132500 ms CreateObjectMapping: 0.034500 ms MarkObjects: 1.484800 ms  DeleteObjects: 0.053900 ms)

========================================================================
Received Prepare
Registering precompiled user dll's ...
Registered in 0.000720 seconds.
Begin MonoManager ReloadAssembly
Native extension for WindowsStandalone target not found
Refreshing native plugins compatible for Editor in 0.22 ms, found 0 plugins.
Preloading 0 native plugins for Editor in 0.00 ms.
Invoked RoslynAnalysisRunner static constructor.
RoslynAnalysisRunner will not be running.
RoslynAnalysisRunner has terminated.
Mono: successfully reloaded assembly
- Completed reload, in  0.835 seconds
Platform modules already initialized, skipping
Refreshing native plugins compatible for Editor in 0.21 ms, found 0 plugins.
Preloading 0 native plugins for Editor in 0.00 ms.
Unloading 1107 Unused Serialized files (Serialized files now loaded: 0)
System memory in use before: 62.6 MB.
System memory in use after: 62.7 MB.

Unloading 5 unused Assets to reduce memory usage. Loaded Objects now: 1578.
Total: 1.594300 ms (FindLiveObjects: 0.157400 ms CreateObjectMapping: 0.054900 ms MarkObjects: 1.323900 ms  DeleteObjects: 0.057100 ms)

========================================================================
Received Prepare
Registering precompiled user dll's ...
Registered in 0.001108 seconds.
Begin MonoManager ReloadAssembly
Native extension for WindowsStandalone target not found
Refreshing native plugins compatible for Editor in 0.19 ms, found 0 plugins.
Preloading 0 native plugins for Editor in 0.00 ms.
Invoked RoslynAnalysisRunner static constructor.
RoslynAnalysisRunner will not be running.
RoslynAnalysisRunner has terminated.
Mono: successfully reloaded assembly
- Completed reload, in  0.826 seconds
Platform modules already initialized, skipping
Refreshing native plugins compatible for Editor in 0.22 ms, found 0 plugins.
Preloading 0 native plugins for Editor in 0.00 ms.
Unloading 1107 Unused Serialized files (Serialized files now loaded: 0)
System memory in use before: 63.0 MB.
System memory in use after: 63.0 MB.

Unloading 5 unused Assets to reduce memory usage. Loaded Objects now: 1580.
Total: 1.831200 ms (FindLiveObjects: 0.111500 ms CreateObjectMapping: 0.030500 ms MarkObjects: 1.604000 ms  DeleteObjects: 0.084200 ms)

========================================================================
Received Prepare
Registering precompiled user dll's ...
Registered in 0.000762 seconds.
Begin MonoManager ReloadAssembly
Native extension for WindowsStandalone target not found
Refreshing native plugins compatible for Editor in 0.20 ms, found 0 plugins.
Preloading 0 native plugins for Editor in 0.00 ms.
Invoked RoslynAnalysisRunner static constructor.
RoslynAnalysisRunner will not be running.
RoslynAnalysisRunner has terminated.
Mono: successfully reloaded assembly
- Completed reload, in  0.830 seconds
Platform modules already initialized, skipping
Refreshing native plugins compatible for Editor in 0.21 ms, found 0 plugins.
Preloading 0 native plugins for Editor in 0.00 ms.
Unloading 1107 Unused Serialized files (Serialized files now loaded: 0)
System memory in use before: 63.1 MB.
System memory in use after: 63.1 MB.

Unloading 5 unused Assets to reduce memory usage. Loaded Objects now: 1582.
Total: 1.616100 ms (FindLiveObjects: 0.153300 ms CreateObjectMapping: 0.030800 ms MarkObjects: 1.347700 ms  DeleteObjects: 0.083500 ms)

========================================================================
Received Prepare
Registering precompiled user dll's ...
Registered in 0.000749 seconds.
Begin MonoManager ReloadAssembly
Native extension for WindowsStandalone target not found
Refreshing native plugins compatible for Editor in 0.19 ms, found 0 plugins.
Preloading 0 native plugins for Editor in 0.00 ms.
Invoked RoslynAnalysisRunner static constructor.
RoslynAnalysisRunner will not be running.
RoslynAnalysisRunner has terminated.
Mono: successfully reloaded assembly
- Completed reload, in  0.807 seconds
Platform modules already initialized, skipping
Refreshing native plugins compatible for Editor in 0.24 ms, found 0 plugins.
Preloading 0 native plugins for Editor in 0.00 ms.
Unloading 1107 Unused Serialized files (Serialized files now loaded: 0)
System memory in use before: 62.6 MB.
System memory in use after: 62.7 MB.

Unloading 5 unused Assets to reduce memory usage. Loaded Objects now: 1584.
Total: 1.696500 ms (FindLiveObjects: 0.133400 ms CreateObjectMapping: 0.036100 ms MarkObjects: 1.470000 ms  DeleteObjects: 0.055800 ms)

========================================================================
Received Prepare
Registering precompiled user dll's ...
Registered in 0.000545 seconds.
Begin MonoManager ReloadAssembly
Native extension for WindowsStandalone target not found
Refreshing native plugins compatible for Editor in 0.21 ms, found 0 plugins.
Preloading 0 native plugins for Editor in 0.00 ms.
Invoked RoslynAnalysisRunner static constructor.
RoslynAnalysisRunner will not be running.
RoslynAnalysisRunner has terminated.
Mono: successfully reloaded assembly
- Completed reload, in  0.807 seconds
Platform modules already initialized, skipping
Refreshing native plugins compatible for Editor in 0.22 ms, found 0 plugins.
Preloading 0 native plugins for Editor in 0.00 ms.
Unloading 1107 Unused Serialized files (Serialized files now loaded: 0)
System memory in use before: 62.9 MB.
System memory in use after: 63.0 MB.

Unloading 5 unused Assets to reduce memory usage. Loaded Objects now: 1586.
Total: 3.391100 ms (FindLiveObjects: 0.134800 ms CreateObjectMapping: 0.033200 ms MarkObjects: 3.152600 ms  DeleteObjects: 0.069500 ms)

========================================================================
Received Prepare
Registering precompiled user dll's ...
Registered in 0.000780 seconds.
Begin MonoManager ReloadAssembly
Native extension for WindowsStandalone target not found
Refreshing native plugins compatible for Editor in 0.31 ms, found 0 plugins.
Preloading 0 native plugins for Editor in 0.00 ms.
Invoked RoslynAnalysisRunner static constructor.
RoslynAnalysisRunner will not be running.
RoslynAnalysisRunner has terminated.
Mono: successfully reloaded assembly
- Completed reload, in  0.821 seconds
Platform modules already initialized, skipping
Refreshing native plugins compatible for Editor in 0.22 ms, found 0 plugins.
Preloading 0 native plugins for Editor in 0.00 ms.
Unloading 1107 Unused Serialized files (Serialized files now loaded: 0)
System memory in use before: 63.1 MB.
System memory in use after: 63.2 MB.

Unloading 5 unused Assets to reduce memory usage. Loaded Objects now: 1588.
Total: 1.916400 ms (FindLiveObjects: 0.122200 ms CreateObjectMapping: 0.034200 ms MarkObjects: 1.630600 ms  DeleteObjects: 0.128500 ms)

========================================================================
Received Prepare
Registering precompiled user dll's ...
Registered in 0.001160 seconds.
Begin MonoManager ReloadAssembly
Native extension for WindowsStandalone target not found
Refreshing native plugins compatible for Editor in 0.40 ms, found 0 plugins.
Preloading 0 native plugins for Editor in 0.00 ms.
Invoked RoslynAnalysisRunner static constructor.
RoslynAnalysisRunner will not be running.
RoslynAnalysisRunner has terminated.
Mono: successfully reloaded assembly
- Completed reload, in  0.819 seconds
Platform modules already initialized, skipping
Refreshing native plugins compatible for Editor in 0.26 ms, found 0 plugins.
Preloading 0 native plugins for Editor in 0.00 ms.
Unloading 1107 Unused Serialized files (Serialized files now loaded: 0)
System memory in use before: 62.6 MB.
System memory in use after: 62.7 MB.

Unloading 5 unused Assets to reduce memory usage. Loaded Objects now: 1590.
Total: 1.906600 ms (FindLiveObjects: 0.120100 ms CreateObjectMapping: 0.034100 ms MarkObjects: 1.657900 ms  DeleteObjects: 0.093500 ms)

========================================================================
Received Import Request.
  Time since last request: 1129.833459 seconds.
  path: Assets/Steering/Scripts/CompositeBehaviour.cs
  artifactKey: Guid(e9c19919a4a616b42baac8e1770b49d1) Importer(815301076,1909f56bfc062723c751e8b465ee728b)
Start importing Assets/Steering/Scripts/CompositeBehaviour.cs using Guid(e9c19919a4a616b42baac8e1770b49d1) Importer(815301076,1909f56bfc062723c751e8b465ee728b)  -> (artifact id: 'dd1fd9bc015307afbef697383e2e3db3') in 0.011058 seconds
  Import took 0.012897 seconds .

========================================================================
Received Import Request.
  Time since last request: 0.024442 seconds.
  path: Assets/Steering/Scripts/CompositeBehaviour.cs
  artifactKey: Guid(e9c19919a4a616b42baac8e1770b49d1) Importer(815301076,1909f56bfc062723c751e8b465ee728b)
Start importing Assets/Steering/Scripts/CompositeBehaviour.cs using Guid(e9c19919a4a616b42baac8e1770b49d1) Importer(815301076,1909f56bfc062723c751e8b465ee728b)  -> (artifact id: 'dd1fd9bc015307afbef697383e2e3db3') in 0.011441 seconds
  Import took 0.013444 seconds .

========================================================================
Received Import Request.
  Time since last request: 93.927193 seconds.
  path: Assets/Steering/Scripts/SteeringAgentHelper.cs
  artifactKey: Guid(e19110d25f69f3b4da110e373c49e45b) Importer(815301076,1909f56bfc062723c751e8b465ee728b)
Start importing Assets/Steering/Scripts/SteeringAgentHelper.cs using Guid(e19110d25f69f3b4da110e373c49e45b) Importer(815301076,1909f56bfc062723c751e8b465ee728b)  -> (artifact id: '2a2fc70026c977ee1989beb098956815') in 0.018160 seconds
  Import took 0.020327 seconds .

========================================================================
Received Prepare
Registering precompiled user dll's ...
Registered in 0.000590 seconds.
Begin MonoManager ReloadAssembly
Native extension for WindowsStandalone target not found
Refreshing native plugins compatible for Editor in 0.20 ms, found 0 plugins.
Preloading 0 native plugins for Editor in 0.00 ms.
Invoked RoslynAnalysisRunner static constructor.
RoslynAnalysisRunner will not be running.
RoslynAnalysisRunner has terminated.
Mono: successfully reloaded assembly
- Completed reload, in  0.744 seconds
Platform modules already initialized, skipping
Refreshing native plugins compatible for Editor in 0.24 ms, found 0 plugins.
Preloading 0 native plugins for Editor in 0.00 ms.
Unloading 1107 Unused Serialized files (Serialized files now loaded: 0)
System memory in use before: 62.9 MB.
System memory in use after: 63.0 MB.

Unloading 5 unused Assets to reduce memory usage. Loaded Objects now: 1592.
Total: 1.556000 ms (FindLiveObjects: 0.174900 ms CreateObjectMapping: 0.036700 ms MarkObjects: 1.244200 ms  DeleteObjects: 0.099500 ms)

========================================================================
Received Import Request.
  Time since last request: 72.247846 seconds.
  path: Assets/Steering/Scripts/SteeringAgentHelper.cs
  artifactKey: Guid(e19110d25f69f3b4da110e373c49e45b) Importer(815301076,1909f56bfc062723c751e8b465ee728b)
Start importing Assets/Steering/Scripts/SteeringAgentHelper.cs using Guid(e19110d25f69f3b4da110e373c49e45b) Importer(815301076,1909f56bfc062723c751e8b465ee728b)  -> (artifact id: '9f9f2f3539dbbab83b29acc3a8b85d75') in 0.006297 seconds
  Import took 0.010492 seconds .

